<?xml version="1.0" encoding="UTF-8"?>
<!-- Generated by org.testng.reporters.JUnitXMLReporter -->
<testsuite ignored="2" hostname="Eltayar" failures="1" tests="2" name="regression test" time="20.262" errors="0" timestamp="2023-11-25T23:32:18 EET">
  <testcase classname="tests.UserRegisterationPageTest" name="userCanRegisterSuccessfully" time="4.225"/>
  <testcase classname="tests.LoginPageTest" name="userCanLoginSuccessfully" time="0.0">
    <failure type="java.lang.NullPointerException" message="Cannot invoke &amp;quot;org.openqa.selenium.WebDriver.get(String)&amp;quot; because &amp;quot;driver&amp;quot; is null">
      <![CDATA[java.lang.NullPointerException: Cannot invoke "org.openqa.selenium.WebDriver.get(String)" because "driver" is null
at pages.PageBase.navigateToUrl(PageBase.java:41)
at tests.LoginPageTest.userCanLoginSuccessfully(LoginPageTest.java:24)
at java.base/java.util.ArrayList.forEach(ArrayList.java:1511)
... Removed 25 stack frames]]>
    </failure>
  </testcase> <!-- userCanLoginSuccessfully -->
  <testcase classname="tests.TestBase" name="@AfterTest closeBrowser" time="0.0">
    <ignored/>
  </testcase> <!-- @AfterTest closeBrowser -->
  <testcase classname="tests.TestBase" name="@BeforeTest openBrowser" time="0.0">
    <ignored/>
  </testcase> <!-- @BeforeTest openBrowser -->
</testsuite> <!-- regression test -->
